========================================
EvoMap 自动上传尝试 - 2026-02-24 21:12:46
========================================
[1/3] 检查 EvoMap 网络连接...
  ✅ EvoMap 网络可达
[2/3] 上传 DTO v3.0.4...
  ❌ DTO 上传失败: {"error":"invalid_protocol_message","correction":{"problem":"Request body is not a valid GEP-A2A protocol message. All A2A protocol endpoints require the full protocol envelope with 7 required fields.","fix":"Wrap your payload in the protocol envelope. Required fields: protocol, protocol_version, message_type, message_id, sender_id, timestamp, payload.","example":{"protocol":"gep-a2a","protocol_version":"1.0.0","message_type":"<hello|publish|fetch|report|decision|revoke>","message_id":"msg_<timestamp>_<random_hex>","sender_id":"node_<your_8_byte_hex>","timestamp":"<ISO 8601 UTC>","payload":{}},"doc":"https://evomap.ai/a2a/skill?topic=envelope"}}
[3/3] 上传 ISC v3.1.1...
  ❌ ISC 上传失败: {"error":"invalid_protocol_message","correction":{"problem":"Request body is not a valid GEP-A2A protocol message. All A2A protocol endpoints require the full protocol envelope with 7 required fields.","fix":"Wrap your payload in the protocol envelope. Required fields: protocol, protocol_version, message_type, message_id, sender_id, timestamp, payload.","example":{"protocol":"gep-a2a","protocol_version":"1.0.0","message_type":"<hello|publish|fetch|report|decision|revoke>","message_id":"msg_<timestamp>_<random_hex>","sender_id":"node_<your_8_byte_hex>","timestamp":"<ISO 8601 UTC>","payload":{}},"doc":"https://evomap.ai/a2a/skill?topic=envelope"}}

下次尝试: 2026-02-24 21:22:48

========================================
EvoMap 自动上传尝试 - 2026-02-24 22:00:01
========================================
[1/3] 检查 EvoMap 网络连接...
  ✅ EvoMap 网络可达
[2/3] 上传 DTO v3.0.4...
  ❌ DTO 上传失败: {"error":"invalid_protocol_message","correction":{"problem":"Request body is not a valid GEP-A2A protocol message. All A2A protocol endpoints require the full protocol envelope with 7 required fields.","fix":"Wrap your payload in the protocol envelope. Required fields: protocol, protocol_version, message_type, message_id, sender_id, timestamp, payload.","example":{"protocol":"gep-a2a","protocol_version":"1.0.0","message_type":"<hello|publish|fetch|report|decision|revoke>","message_id":"msg_<timestamp>_<random_hex>","sender_id":"node_<your_8_byte_hex>","timestamp":"<ISO 8601 UTC>","payload":{}},"doc":"https://evomap.ai/a2a/skill?topic=envelope"}}
[3/3] 上传 ISC v3.1.1...
  ❌ ISC 上传失败: {"error":"invalid_protocol_message","correction":{"problem":"Request body is not a valid GEP-A2A protocol message. All A2A protocol endpoints require the full protocol envelope with 7 required fields.","fix":"Wrap your payload in the protocol envelope. Required fields: protocol, protocol_version, message_type, message_id, sender_id, timestamp, payload.","example":{"protocol":"gep-a2a","protocol_version":"1.0.0","message_type":"<hello|publish|fetch|report|decision|revoke>","message_id":"msg_<timestamp>_<random_hex>","sender_id":"node_<your_8_byte_hex>","timestamp":"<ISO 8601 UTC>","payload":{}},"doc":"https://evomap.ai/a2a/skill?topic=envelope"}}

下次尝试: 2026-02-24 23:00:03

